[2025-11-21T18:32:40.457Z] add-store failure: Error: Bad "options.expiresIn" option the payload already has an "exp" property.
    at module.exports.module.exports [as sign] (/Users/rubinsingh/Desktop/Iron Hand App/hiremote-operations-portal/.next/dev/server/chunks/node_modules_37fb88d9._.js:20260:24)
    at createSessionToken (/Users/rubinsingh/Desktop/Iron Hand App/hiremote-operations-portal/.next/dev/server/chunks/[root-of-the-server]__4f6e4440._.js:619:159)
    at POST (/Users/rubinsingh/Desktop/Iron Hand App/hiremote-operations-portal/.next/dev/server/chunks/[root-of-the-server]__4f6e4440._.js:729:310)
    at async AppRouteRouteModule.do (/Users/rubinsingh/Desktop/Iron Hand App/hiremote-operations-portal/node_modules/next/dist/compiled/next-server/app-route-turbo.runtime.dev.js:5:37789)
    at async AppRouteRouteModule.handle (/Users/rubinsingh/Desktop/Iron Hand App/hiremote-operations-portal/node_modules/next/dist/compiled/next-server/app-route-turbo.runtime.dev.js:5:45045)
    at async responseGenerator (/Users/rubinsingh/Desktop/Iron Hand App/hiremote-operations-portal/.next/dev/server/chunks/node_modules_37fb88d9._.js:20631:38)
    at async AppRouteRouteModule.handleResponse (/Users/rubinsingh/Desktop/Iron Hand App/hiremote-operations-portal/node_modules/next/dist/compiled/next-server/app-route-turbo.runtime.dev.js:1:187851)
    at async handleResponse (/Users/rubinsingh/Desktop/Iron Hand App/hiremote-operations-portal/.next/dev/server/chunks/node_modules_37fb88d9._.js:20693:32)
    at async handler (/Users/rubinsingh/Desktop/Iron Hand App/hiremote-operations-portal/.next/dev/server/chunks/node_modules_37fb88d9._.js:20746:13)
    at async DevServer.renderToResponseWithComponentsImpl (/Users/rubinsingh/Desktop/Iron Hand App/hiremote-operations-portal/node_modules/next/dist/server/base-server.js:1413:9)
    at async DevServer.renderPageComponent (/Users/rubinsingh/Desktop/Iron Hand App/hiremote-operations-portal/node_modules/next/dist/server/base-server.js:1465:24)
    at async DevServer.renderToResponseImpl (/Users/rubinsingh/Desktop/Iron Hand App/hiremote-operations-portal/node_modules/next/dist/server/base-server.js:1515:32)
    at async DevServer.pipeImpl (/Users/rubinsingh/Desktop/Iron Hand App/hiremote-operations-portal/node_modules/next/dist/server/base-server.js:1021:25)
    at async NextNodeServer.handleCatchallRenderRequest (/Users/rubinsingh/Desktop/Iron Hand App/hiremote-operations-portal/node_modules/next/dist/server/next-server.js:394:17)
    at async DevServer.handleRequestImpl (/Users/rubinsingh/Desktop/Iron Hand App/hiremote-operations-portal/node_modules/next/dist/server/base-server.js:912:17)
    at async /Users/rubinsingh/Desktop/Iron Hand App/hiremote-operations-portal/node_modules/next/dist/server/dev/next-dev-server.js:382:20
    at async Span.traceAsyncFn (/Users/rubinsingh/Desktop/Iron Hand App/hiremote-operations-portal/node_modules/next/dist/trace/trace.js:157:20)
    at async DevServer.handleRequest (/Users/rubinsingh/Desktop/Iron Hand App/hiremote-operations-portal/node_modules/next/dist/server/dev/next-dev-server.js:378:24)
    at async invokeRender (/Users/rubinsingh/Desktop/Iron Hand App/hiremote-operations-portal/node_modules/next/dist/server/lib/router-server.js:240:21)
    at async handleRequest (/Users/rubinsingh/Desktop/Iron Hand App/hiremote-operations-portal/node_modules/next/dist/server/lib/router-server.js:436:24)
    at async requestHandlerImpl (/Users/rubinsingh/Desktop/Iron Hand App/hiremote-operations-portal/node_modules/next/dist/server/lib/router-server.js:484:13)
    at async Server.requestListener (/Users/rubinsingh/Desktop/Iron Hand App/hiremote-operations-portal/node_modules/next/dist/server/lib/start-server.js:226:13)
[2025-11-21T18:32:56.688Z] add-store failure: Error: Bad "options.expiresIn" option the payload already has an "exp" property.
    at module.exports.module.exports [as sign] (/Users/rubinsingh/Desktop/Iron Hand App/hiremote-operations-portal/.next/dev/server/chunks/node_modules_37fb88d9._.js:20260:24)
    at createSessionToken (/Users/rubinsingh/Desktop/Iron Hand App/hiremote-operations-portal/.next/dev/server/chunks/[root-of-the-server]__4f6e4440._.js:619:159)
    at POST (/Users/rubinsingh/Desktop/Iron Hand App/hiremote-operations-portal/.next/dev/server/chunks/[root-of-the-server]__4f6e4440._.js:729:310)
    at async AppRouteRouteModule.do (/Users/rubinsingh/Desktop/Iron Hand App/hiremote-operations-portal/node_modules/next/dist/compiled/next-server/app-route-turbo.runtime.dev.js:5:37789)
    at async AppRouteRouteModule.handle (/Users/rubinsingh/Desktop/Iron Hand App/hiremote-operations-portal/node_modules/next/dist/compiled/next-server/app-route-turbo.runtime.dev.js:5:45045)
    at async responseGenerator (/Users/rubinsingh/Desktop/Iron Hand App/hiremote-operations-portal/.next/dev/server/chunks/node_modules_37fb88d9._.js:20631:38)
    at async AppRouteRouteModule.handleResponse (/Users/rubinsingh/Desktop/Iron Hand App/hiremote-operations-portal/node_modules/next/dist/compiled/next-server/app-route-turbo.runtime.dev.js:1:187851)
    at async handleResponse (/Users/rubinsingh/Desktop/Iron Hand App/hiremote-operations-portal/.next/dev/server/chunks/node_modules_37fb88d9._.js:20693:32)
    at async handler (/Users/rubinsingh/Desktop/Iron Hand App/hiremote-operations-portal/.next/dev/server/chunks/node_modules_37fb88d9._.js:20746:13)
    at async DevServer.renderToResponseWithComponentsImpl (/Users/rubinsingh/Desktop/Iron Hand App/hiremote-operations-portal/node_modules/next/dist/server/base-server.js:1413:9)
    at async DevServer.renderPageComponent (/Users/rubinsingh/Desktop/Iron Hand App/hiremote-operations-portal/node_modules/next/dist/server/base-server.js:1465:24)
    at async DevServer.renderToResponseImpl (/Users/rubinsingh/Desktop/Iron Hand App/hiremote-operations-portal/node_modules/next/dist/server/base-server.js:1515:32)
    at async DevServer.pipeImpl (/Users/rubinsingh/Desktop/Iron Hand App/hiremote-operations-portal/node_modules/next/dist/server/base-server.js:1021:25)
    at async NextNodeServer.handleCatchallRenderRequest (/Users/rubinsingh/Desktop/Iron Hand App/hiremote-operations-portal/node_modules/next/dist/server/next-server.js:394:17)
    at async DevServer.handleRequestImpl (/Users/rubinsingh/Desktop/Iron Hand App/hiremote-operations-portal/node_modules/next/dist/server/base-server.js:912:17)
    at async /Users/rubinsingh/Desktop/Iron Hand App/hiremote-operations-portal/node_modules/next/dist/server/dev/next-dev-server.js:382:20
    at async Span.traceAsyncFn (/Users/rubinsingh/Desktop/Iron Hand App/hiremote-operations-portal/node_modules/next/dist/trace/trace.js:157:20)
    at async DevServer.handleRequest (/Users/rubinsingh/Desktop/Iron Hand App/hiremote-operations-portal/node_modules/next/dist/server/dev/next-dev-server.js:378:24)
    at async invokeRender (/Users/rubinsingh/Desktop/Iron Hand App/hiremote-operations-portal/node_modules/next/dist/server/lib/router-server.js:240:21)
    at async handleRequest (/Users/rubinsingh/Desktop/Iron Hand App/hiremote-operations-portal/node_modules/next/dist/server/lib/router-server.js:436:24)
    at async requestHandlerImpl (/Users/rubinsingh/Desktop/Iron Hand App/hiremote-operations-portal/node_modules/next/dist/server/lib/router-server.js:484:13)
    at async Server.requestListener (/Users/rubinsingh/Desktop/Iron Hand App/hiremote-operations-portal/node_modules/next/dist/server/lib/start-server.js:226:13)
[2025-11-21T18:33:02.037Z] add-store failure: Error: Bad "options.expiresIn" option the payload already has an "exp" property.
    at module.exports.module.exports [as sign] (/Users/rubinsingh/Desktop/Iron Hand App/hiremote-operations-portal/.next/dev/server/chunks/node_modules_37fb88d9._.js:20260:24)
    at createSessionToken (/Users/rubinsingh/Desktop/Iron Hand App/hiremote-operations-portal/.next/dev/server/chunks/[root-of-the-server]__4f6e4440._.js:619:159)
    at POST (/Users/rubinsingh/Desktop/Iron Hand App/hiremote-operations-portal/.next/dev/server/chunks/[root-of-the-server]__4f6e4440._.js:729:310)
    at async AppRouteRouteModule.do (/Users/rubinsingh/Desktop/Iron Hand App/hiremote-operations-portal/node_modules/next/dist/compiled/next-server/app-route-turbo.runtime.dev.js:5:37789)
    at async AppRouteRouteModule.handle (/Users/rubinsingh/Desktop/Iron Hand App/hiremote-operations-portal/node_modules/next/dist/compiled/next-server/app-route-turbo.runtime.dev.js:5:45045)
    at async responseGenerator (/Users/rubinsingh/Desktop/Iron Hand App/hiremote-operations-portal/.next/dev/server/chunks/node_modules_37fb88d9._.js:20631:38)
    at async AppRouteRouteModule.handleResponse (/Users/rubinsingh/Desktop/Iron Hand App/hiremote-operations-portal/node_modules/next/dist/compiled/next-server/app-route-turbo.runtime.dev.js:1:187851)
    at async handleResponse (/Users/rubinsingh/Desktop/Iron Hand App/hiremote-operations-portal/.next/dev/server/chunks/node_modules_37fb88d9._.js:20693:32)
    at async handler (/Users/rubinsingh/Desktop/Iron Hand App/hiremote-operations-portal/.next/dev/server/chunks/node_modules_37fb88d9._.js:20746:13)
    at async DevServer.renderToResponseWithComponentsImpl (/Users/rubinsingh/Desktop/Iron Hand App/hiremote-operations-portal/node_modules/next/dist/server/base-server.js:1413:9)
    at async DevServer.renderPageComponent (/Users/rubinsingh/Desktop/Iron Hand App/hiremote-operations-portal/node_modules/next/dist/server/base-server.js:1465:24)
    at async DevServer.renderToResponseImpl (/Users/rubinsingh/Desktop/Iron Hand App/hiremote-operations-portal/node_modules/next/dist/server/base-server.js:1515:32)
    at async DevServer.pipeImpl (/Users/rubinsingh/Desktop/Iron Hand App/hiremote-operations-portal/node_modules/next/dist/server/base-server.js:1021:25)
    at async NextNodeServer.handleCatchallRenderRequest (/Users/rubinsingh/Desktop/Iron Hand App/hiremote-operations-portal/node_modules/next/dist/server/next-server.js:394:17)
    at async DevServer.handleRequestImpl (/Users/rubinsingh/Desktop/Iron Hand App/hiremote-operations-portal/node_modules/next/dist/server/base-server.js:912:17)
    at async /Users/rubinsingh/Desktop/Iron Hand App/hiremote-operations-portal/node_modules/next/dist/server/dev/next-dev-server.js:382:20
    at async Span.traceAsyncFn (/Users/rubinsingh/Desktop/Iron Hand App/hiremote-operations-portal/node_modules/next/dist/trace/trace.js:157:20)
    at async DevServer.handleRequest (/Users/rubinsingh/Desktop/Iron Hand App/hiremote-operations-portal/node_modules/next/dist/server/dev/next-dev-server.js:378:24)
    at async invokeRender (/Users/rubinsingh/Desktop/Iron Hand App/hiremote-operations-portal/node_modules/next/dist/server/lib/router-server.js:240:21)
    at async handleRequest (/Users/rubinsingh/Desktop/Iron Hand App/hiremote-operations-portal/node_modules/next/dist/server/lib/router-server.js:436:24)
    at async requestHandlerImpl (/Users/rubinsingh/Desktop/Iron Hand App/hiremote-operations-portal/node_modules/next/dist/server/lib/router-server.js:484:13)
    at async Server.requestListener (/Users/rubinsingh/Desktop/Iron Hand App/hiremote-operations-portal/node_modules/next/dist/server/lib/start-server.js:226:13)
